Logfile initialized
[INFO] logfile = /home/fariazz/Titanium Studio Workspace/helloworld/build.log
[DEBUG] /home/fariazz/.titanium/mobilesdk/linux/2.0.2.GA/android/builder.py simulator helloworld /home/fariazz/.android_sdk /home/fariazz/Titanium Studio Workspace/helloworld com.example.helloworld 30 WVGA854 
[INFO] Building helloworld for Android ... one moment
[INFO] Titanium SDK version: 2.0.2 (05/30/12 10:21 2ff31a3)
[DEBUG] Waiting for device to be ready ...
[TRACE] adb devices returned 2 devices/emulators
[DEBUG] Device connected... (waited 0 seconds)
[DEBUG] waited 0.013482 seconds on emulator to get ready
[DEBUG] com.example.helloworld installed? False
[INFO] Fastdev server running, deploying in Fastdev mode
[INFO] Copying CommonJS modules...
[INFO] Copying project resources..
[TRACE] COPYING MODIFIED FILE: /home/fariazz/Titanium Studio Workspace/helloworld/Resources/gamesprite.js => /home/fariazz/Titanium Studio Workspace/helloworld/build/android/bin/assets/Resources/gamesprite.js
[INFO] Tiapp.xml unchanged, skipping class generation
[DEBUG] Processing Android resource drawables
[DEBUG] found drawable-notlong-port-mdpi splash screen at /home/fariazz/Titanium Studio Workspace/helloworld/Resources/android/images/res-notlong-port-mdpi/default.png
[DEBUG] found drawable-notlong-land-hdpi splash screen at /home/fariazz/Titanium Studio Workspace/helloworld/Resources/android/images/res-notlong-land-hdpi/default.png
[DEBUG] found drawable-notlong-land-mdpi splash screen at /home/fariazz/Titanium Studio Workspace/helloworld/Resources/android/images/res-notlong-land-mdpi/default.png
[DEBUG] found drawable-long-land-hdpi splash screen at /home/fariazz/Titanium Studio Workspace/helloworld/Resources/android/images/res-long-land-hdpi/default.png
[DEBUG] found drawable-long-land-ldpi splash screen at /home/fariazz/Titanium Studio Workspace/helloworld/Resources/android/images/res-long-land-ldpi/default.png
[DEBUG] found drawable-notlong-land-ldpi splash screen at /home/fariazz/Titanium Studio Workspace/helloworld/Resources/android/images/res-notlong-land-ldpi/default.png
[DEBUG] found drawable-notlong-port-ldpi splash screen at /home/fariazz/Titanium Studio Workspace/helloworld/Resources/android/images/res-notlong-port-ldpi/default.png
[DEBUG] found drawable-long-port-ldpi splash screen at /home/fariazz/Titanium Studio Workspace/helloworld/Resources/android/images/res-long-port-ldpi/default.png
[DEBUG] found drawable-notlong-port-hdpi splash screen at /home/fariazz/Titanium Studio Workspace/helloworld/Resources/android/images/res-notlong-port-hdpi/default.png
[DEBUG] found drawable-long-port-hdpi splash screen at /home/fariazz/Titanium Studio Workspace/helloworld/Resources/android/images/res-long-port-hdpi/default.png
[INFO] Waiting for SDCard to become available..
